Line 30: Class MSDataGridLib.DataGrid of control DataGrid1 was not a loaded control class.
Line 100: Class MSAdodcLib.Adodc of control Adodc1 was not a loaded control class.
Line 146: Class MSComCtl2.DTPicker of control DTPicker1 was not a loaded control class.
Line 31: The property name Bindings in DataGrid1 is invalid.
Line 38: The property name _ExtentX in DataGrid1 is invalid.
Line 39: The property name _ExtentY in DataGrid1 is invalid.
Line 40: The property name _Version in DataGrid1 is invalid.
Line 41: The property name AllowUpdate in DataGrid1 is invalid.
Line 44: The property name HeadLines in DataGrid1 is invalid.
Line 45: The property name RowHeight in DataGrid1 is invalid.
Line 46: The property name RowDividerStyle in DataGrid1 is invalid.
Line 55: The property name HeadFont in DataGrid1 is invalid.
Line 65: The property name ColumnCount in DataGrid1 is invalid.
Line 78: The property name Column00 in DataGrid1 is invalid.
Line 91: The property name Column01 in DataGrid1 is invalid.
Line 92: The property name SplitCount in DataGrid1 is invalid.
Line 98: The property name Split0 in DataGrid1 is invalid.
Line 105: The property name _ExtentX in Adodc1 is invalid.
Line 106: The property name _ExtentY in Adodc1 is invalid.
Line 107: The property name ConnectMode in Adodc1 is invalid.
Line 108: The property name CursorLocation in Adodc1 is invalid.
Line 109: The property name IsolationLevel in Adodc1 is invalid.
Line 110: The property name ConnectionTimeout in Adodc1 is invalid.
Line 111: The property name CommandTimeout in Adodc1 is invalid.
Line 112: The property name CursorType in Adodc1 is invalid.
Line 113: The property name LockType in Adodc1 is invalid.
Line 114: The property name CommandType in Adodc1 is invalid.
Line 115: The property name CursorOptions in Adodc1 is invalid.
Line 116: The property name CacheSize in Adodc1 is invalid.
Line 117: The property name MaxRecords in Adodc1 is invalid.
Line 118: The property name BOFAction in Adodc1 is invalid.
Line 119: The property name EOFAction in Adodc1 is invalid.
Line 120: The property name ConnectStringType in Adodc1 is invalid.
Line 124: The property name Orientation in Adodc1 is invalid.
Line 126: The property name Connect in Adodc1 is invalid.
Line 127: The property name OLEDBString in Adodc1 is invalid.
Line 128: The property name OLEDBFile in Adodc1 is invalid.
Line 129: The property name DataSourceName in Adodc1 is invalid.
Line 130: The property name OtherAttributes in Adodc1 is invalid.
Line 131: The property name UserName in Adodc1 is invalid.
Line 132: The property name Password in Adodc1 is invalid.
Line 133: The property name RecordSource in Adodc1 is invalid.
Line 134: The property name Caption in Adodc1 is invalid.
Line 144: The property name _Version in Adodc1 is invalid.
Line 152: The property name _ExtentX in DTPicker1 is invalid.
Line 153: The property name _ExtentY in DTPicker1 is invalid.
Line 154: The property name _Version in DTPicker1 is invalid.
Line 156: The property name Format in DTPicker1 is invalid.
Line 157: The property name CurrentDate in DTPicker1 is invalid.
